initing type: 0
inited
setted 0
23:08:55 25.09 -- counter: 0
Starting: increment
23:08:55 25.09 -- counter: 1
23:09:05 25.09 -- counter: 5265
23:09:15 25.09 -- counter: 10815
23:09:25 25.09 -- counter: 16511


Result for increment
Counter value: 17123
Time: 30.02s
————————————————————————————————————————————————
initing type: 1
inited
setted 0
22:34:53 25.09 -- counter: 0
Starting: optimistic
22:34:53 25.09 -- counter: 1
22:35:03 25.09 -- counter: 6469
22:35:13 25.09 -- counter: 13044
22:35:23 25.09 -- counter: 19565
22:35:33 25.09 -- counter: 26096
22:35:43 25.09 -- counter: 32709
22:35:53 25.09 -- counter: 39270
22:36:03 25.09 -- counter: 45910
22:36:13 25.09 -- counter: 52472
22:36:23 25.09 -- counter: 59061
22:36:33 25.09 -- counter: 65615
22:36:43 25.09 -- counter: 72215
22:36:53 25.09 -- counter: 78748
22:37:03 25.09 -- counter: 85307
22:37:13 25.09 -- counter: 91514
22:37:23 25.09 -- counter: 98333


Result for optimistic
Counter value: 100000
Time: 160.04s
————————————————————————————————————————————————
initing type: 2
inited
setted 0
17:11:14 26.09 -- counter: 0
Starting: pessimistic
17:11:14 26.09 -- counter: 0
17:11:24 26.09 -- counter: 3872
17:11:34 26.09 -- counter: 7863
17:11:44 26.09 -- counter: 12019
17:11:54 26.09 -- counter: 16180
17:12:04 26.09 -- counter: 20287
17:12:14 26.09 -- counter: 24432
17:12:24 26.09 -- counter: 28587
17:12:34 26.09 -- counter: 32738
17:12:44 26.09 -- counter: 36866
17:12:54 26.09 -- counter: 41063
17:13:04 26.09 -- counter: 45329
17:13:14 26.09 -- counter: 49555
17:13:24 26.09 -- counter: 53767
17:13:34 26.09 -- counter: 57927
17:13:44 26.09 -- counter: 62102
17:13:54 26.09 -- counter: 66261
17:14:04 26.09 -- counter: 70408
17:14:14 26.09 -- counter: 74614
17:14:24 26.09 -- counter: 78782
17:14:34 26.09 -- counter: 82934
17:14:44 26.09 -- counter: 87099
17:14:54 26.09 -- counter: 91253
17:15:04 26.09 -- counter: 95444
17:15:14 26.09 -- counter: 99620


Result for pessimistic
Counter value: 100000
Time: 250.04s
————————————————————————————————————————————————
initing type: 3
inited
setted 0
22:47:14 25.09 -- counter: 0
Starting: atomic
22:47:14 25.09 -- counter: 10
22:47:24 25.09 -- counter: 70965


Result for atomic
Counter value: 100000
Time: 20.01s
————————————————————————————————————————————————